<?xml version="1.0" encoding="UTF-8"?>
<testsuite xmlns:xsi="http://www.w3.org/2001/XMLSchema-instance" xsi:noNamespaceSchemaLocation="https://maven.apache.org/surefire/maven-surefire-plugin/xsd/surefire-test-report-3.0.xsd" version="3.0" name="com.freemanpivo.insurancechallenge.InsurancechallengeApplicationTests" time="1.762" tests="1" errors="0" skipped="0" failures="0">
  <properties>
    <property name="java.specification.version" value="17"/>
    <property name="sun.jnu.encoding" value="UTF-8"/>
    <property name="java.class.path" value="/home/freemanpivo/git/insurancechallenge/app/target/test-classes:/home/freemanpivo/git/insurancechallenge/app/target/classes:/home/freemanpivo/.m2/repository/org/springframework/boot/spring-boot-starter-actuator/3.3.0-SNAPSHOT/spring-boot-starter-actuator-3.3.0-SNAPSHOT.jar:/home/freemanpivo/.m2/repository/org/springframework/boot/spring-boot-starter/3.3.0-SNAPSHOT/spring-boot-starter-3.3.0-SNAPSHOT.jar:/home/freemanpivo/.m2/repository/org/springframework/boot/spring-boot/3.3.0-SNAPSHOT/spring-boot-3.3.0-SNAPSHOT.jar:/home/freemanpivo/.m2/repository/org/springframework/boot/spring-boot-autoconfigure/3.3.0-SNAPSHOT/spring-boot-autoconfigure-3.3.0-SNAPSHOT.jar:/home/freemanpivo/.m2/repository/org/springframework/boot/spring-boot-starter-logging/3.3.0-SNAPSHOT/spring-boot-starter-logging-3.3.0-SNAPSHOT.jar:/home/freemanpivo/.m2/repository/ch/qos/logback/logback-classic/1.5.6/logback-classic-1.5.6.jar:/home/freemanpivo/.m2/repository/ch/qos/logback/logback-core/1.5.6/logback-core-1.5.6.jar:/home/freemanpivo/.m2/repository/org/apache/logging/log4j/log4j-to-slf4j/2.23.1/log4j-to-slf4j-2.23.1.jar:/home/freemanpivo/.m2/repository/org/apache/logging/log4j/log4j-api/2.23.1/log4j-api-2.23.1.jar:/home/freemanpivo/.m2/repository/org/slf4j/jul-to-slf4j/2.0.13/jul-to-slf4j-2.0.13.jar:/home/freemanpivo/.m2/repository/jakarta/annotation/jakarta.annotation-api/2.1.1/jakarta.annotation-api-2.1.1.jar:/home/freemanpivo/.m2/repository/org/yaml/snakeyaml/2.2/snakeyaml-2.2.jar:/home/freemanpivo/.m2/repository/org/springframework/boot/spring-boot-actuator-autoconfigure/3.3.0-SNAPSHOT/spring-boot-actuator-autoconfigure-3.3.0-SNAPSHOT.jar:/home/freemanpivo/.m2/repository/org/springframework/boot/spring-boot-actuator/3.3.0-SNAPSHOT/spring-boot-actuator-3.3.0-SNAPSHOT.jar:/home/freemanpivo/.m2/repository/com/fasterxml/jackson/core/jackson-databind/2.17.0/jackson-databind-2.17.0.jar:/home/freemanpivo/.m2/repository/com/fasterxml/jackson/core/jackson-annotations/2.17.0/jackson-annotations-2.17.0.jar:/home/freemanpivo/.m2/repository/com/fasterxml/jackson/core/jackson-core/2.17.0/jackson-core-2.17.0.jar:/home/freemanpivo/.m2/repository/com/fasterxml/jackson/datatype/jackson-datatype-jsr310/2.17.0/jackson-datatype-jsr310-2.17.0.jar:/home/freemanpivo/.m2/repository/io/micrometer/micrometer-observation/1.13.0-RC1/micrometer-observation-1.13.0-RC1.jar:/home/freemanpivo/.m2/repository/io/micrometer/micrometer-commons/1.13.0-RC1/micrometer-commons-1.13.0-RC1.jar:/home/freemanpivo/.m2/repository/io/micrometer/micrometer-jakarta9/1.13.0-RC1/micrometer-jakarta9-1.13.0-RC1.jar:/home/freemanpivo/.m2/repository/org/springframework/boot/spring-boot-starter-web/3.3.0-SNAPSHOT/spring-boot-starter-web-3.3.0-SNAPSHOT.jar:/home/freemanpivo/.m2/repository/org/springframework/boot/spring-boot-starter-json/3.3.0-SNAPSHOT/spring-boot-starter-json-3.3.0-SNAPSHOT.jar:/home/freemanpivo/.m2/repository/com/fasterxml/jackson/datatype/jackson-datatype-jdk8/2.17.0/jackson-datatype-jdk8-2.17.0.jar:/home/freemanpivo/.m2/repository/com/fasterxml/jackson/module/jackson-module-parameter-names/2.17.0/jackson-module-parameter-names-2.17.0.jar:/home/freemanpivo/.m2/repository/org/springframework/boot/spring-boot-starter-tomcat/3.3.0-SNAPSHOT/spring-boot-starter-tomcat-3.3.0-SNAPSHOT.jar:/home/freemanpivo/.m2/repository/org/apache/tomcat/embed/tomcat-embed-core/10.1.20/tomcat-embed-core-10.1.20.jar:/home/freemanpivo/.m2/repository/org/apache/tomcat/embed/tomcat-embed-el/10.1.20/tomcat-embed-el-10.1.20.jar:/home/freemanpivo/.m2/repository/org/apache/tomcat/embed/tomcat-embed-websocket/10.1.20/tomcat-embed-websocket-10.1.20.jar:/home/freemanpivo/.m2/repository/org/springframework/spring-web/6.1.6/spring-web-6.1.6.jar:/home/freemanpivo/.m2/repository/org/springframework/spring-beans/6.1.6/spring-beans-6.1.6.jar:/home/freemanpivo/.m2/repository/org/springframework/spring-webmvc/6.1.6/spring-webmvc-6.1.6.jar:/home/freemanpivo/.m2/repository/org/springframework/spring-aop/6.1.6/spring-aop-6.1.6.jar:/home/freemanpivo/.m2/repository/org/springframework/spring-context/6.1.6/spring-context-6.1.6.jar:/home/freemanpivo/.m2/repository/org/springframework/spring-expression/6.1.6/spring-expression-6.1.6.jar:/home/freemanpivo/.m2/repository/io/micrometer/micrometer-registry-prometheus-simpleclient/1.13.0-RC1/micrometer-registry-prometheus-simpleclient-1.13.0-RC1.jar:/home/freemanpivo/.m2/repository/io/micrometer/micrometer-core/1.13.0-RC1/micrometer-core-1.13.0-RC1.jar:/home/freemanpivo/.m2/repository/org/hdrhistogram/HdrHistogram/2.1.12/HdrHistogram-2.1.12.jar:/home/freemanpivo/.m2/repository/org/latencyutils/LatencyUtils/2.0.3/LatencyUtils-2.0.3.jar:/home/freemanpivo/.m2/repository/io/prometheus/simpleclient_common/0.16.0/simpleclient_common-0.16.0.jar:/home/freemanpivo/.m2/repository/io/prometheus/simpleclient/0.16.0/simpleclient-0.16.0.jar:/home/freemanpivo/.m2/repository/io/prometheus/simpleclient_tracer_otel/0.16.0/simpleclient_tracer_otel-0.16.0.jar:/home/freemanpivo/.m2/repository/io/prometheus/simpleclient_tracer_common/0.16.0/simpleclient_tracer_common-0.16.0.jar:/home/freemanpivo/.m2/repository/io/prometheus/simpleclient_tracer_otel_agent/0.16.0/simpleclient_tracer_otel_agent-0.16.0.jar:/home/freemanpivo/.m2/repository/org/springframework/boot/spring-boot-starter-test/3.3.0-SNAPSHOT/spring-boot-starter-test-3.3.0-SNAPSHOT.jar:/home/freemanpivo/.m2/repository/org/springframework/boot/spring-boot-test/3.3.0-SNAPSHOT/spring-boot-test-3.3.0-SNAPSHOT.jar:/home/freemanpivo/.m2/repository/org/springframework/boot/spring-boot-test-autoconfigure/3.3.0-SNAPSHOT/spring-boot-test-autoconfigure-3.3.0-SNAPSHOT.jar:/home/freemanpivo/.m2/repository/com/jayway/jsonpath/json-path/2.9.0/json-path-2.9.0.jar:/home/freemanpivo/.m2/repository/org/slf4j/slf4j-api/2.0.13/slf4j-api-2.0.13.jar:/home/freemanpivo/.m2/repository/jakarta/xml/bind/jakarta.xml.bind-api/4.0.2/jakarta.xml.bind-api-4.0.2.jar:/home/freemanpivo/.m2/repository/jakarta/activation/jakarta.activation-api/2.1.3/jakarta.activation-api-2.1.3.jar:/home/freemanpivo/.m2/repository/net/minidev/json-smart/2.5.1/json-smart-2.5.1.jar:/home/freemanpivo/.m2/repository/net/minidev/accessors-smart/2.5.1/accessors-smart-2.5.1.jar:/home/freemanpivo/.m2/repository/org/ow2/asm/asm/9.6/asm-9.6.jar:/home/freemanpivo/.m2/repository/org/assertj/assertj-core/3.25.3/assertj-core-3.25.3.jar:/home/freemanpivo/.m2/repository/net/bytebuddy/byte-buddy/1.14.13/byte-buddy-1.14.13.jar:/home/freemanpivo/.m2/repository/org/awaitility/awaitility/4.2.1/awaitility-4.2.1.jar:/home/freemanpivo/.m2/repository/org/hamcrest/hamcrest/2.2/hamcrest-2.2.jar:/home/freemanpivo/.m2/repository/org/junit/jupiter/junit-jupiter/5.10.2/junit-jupiter-5.10.2.jar:/home/freemanpivo/.m2/repository/org/junit/jupiter/junit-jupiter-api/5.10.2/junit-jupiter-api-5.10.2.jar:/home/freemanpivo/.m2/repository/org/opentest4j/opentest4j/1.3.0/opentest4j-1.3.0.jar:/home/freemanpivo/.m2/repository/org/junit/platform/junit-platform-commons/1.10.2/junit-platform-commons-1.10.2.jar:/home/freemanpivo/.m2/repository/org/apiguardian/apiguardian-api/1.1.2/apiguardian-api-1.1.2.jar:/home/freemanpivo/.m2/repository/org/junit/jupiter/junit-jupiter-params/5.10.2/junit-jupiter-params-5.10.2.jar:/home/freemanpivo/.m2/repository/org/junit/jupiter/junit-jupiter-engine/5.10.2/junit-jupiter-engine-5.10.2.jar:/home/freemanpivo/.m2/repository/org/junit/platform/junit-platform-engine/1.10.2/junit-platform-engine-1.10.2.jar:/home/freemanpivo/.m2/repository/org/mockito/mockito-core/5.11.0/mockito-core-5.11.0.jar:/home/freemanpivo/.m2/repository/net/bytebuddy/byte-buddy-agent/1.14.13/byte-buddy-agent-1.14.13.jar:/home/freemanpivo/.m2/repository/org/objenesis/objenesis/3.3/objenesis-3.3.jar:/home/freemanpivo/.m2/repository/org/mockito/mockito-junit-jupiter/5.11.0/mockito-junit-jupiter-5.11.0.jar:/home/freemanpivo/.m2/repository/org/skyscreamer/jsonassert/1.5.1/jsonassert-1.5.1.jar:/home/freemanpivo/.m2/repository/com/vaadin/external/google/android-json/0.0.20131108.vaadin1/android-json-0.0.20131108.vaadin1.jar:/home/freemanpivo/.m2/repository/org/springframework/spring-core/6.1.6/spring-core-6.1.6.jar:/home/freemanpivo/.m2/repository/org/springframework/spring-jcl/6.1.6/spring-jcl-6.1.6.jar:/home/freemanpivo/.m2/repository/org/springframework/spring-test/6.1.6/spring-test-6.1.6.jar:/home/freemanpivo/.m2/repository/org/xmlunit/xmlunit-core/2.9.1/xmlunit-core-2.9.1.jar:"/>
    <property name="java.vm.vendor" value="Oracle Corporation"/>
    <property name="sun.arch.data.model" value="64"/>
    <property name="java.vendor.url" value="https://openjdk.java.net/"/>
    <property name="user.timezone" value="America/Sao_Paulo"/>
    <property name="os.name" value="Linux"/>
    <property name="java.vm.specification.version" value="17"/>
    <property name="sun.java.launcher" value="SUN_STANDARD"/>
    <property name="user.country" value="US"/>
    <property name="sun.boot.library.path" value="/usr/lib/jvm/java-17-openjdk/lib"/>
    <property name="sun.java.command" value="/home/freemanpivo/git/insurancechallenge/app/target/surefire/surefirebooter-20240427180935868_3.jar /home/freemanpivo/git/insurancechallenge/app/target/surefire 2024-04-27T18-09-31_762-jvmRun1 surefire-20240427180935868_1tmp surefire_0-20240427180935868_2tmp"/>
    <property name="jdk.debug" value="release"/>
    <property name="surefire.test.class.path" value="/home/freemanpivo/git/insurancechallenge/app/target/test-classes:/home/freemanpivo/git/insurancechallenge/app/target/classes:/home/freemanpivo/.m2/repository/org/springframework/boot/spring-boot-starter-actuator/3.3.0-SNAPSHOT/spring-boot-starter-actuator-3.3.0-SNAPSHOT.jar:/home/freemanpivo/.m2/repository/org/springframework/boot/spring-boot-starter/3.3.0-SNAPSHOT/spring-boot-starter-3.3.0-SNAPSHOT.jar:/home/freemanpivo/.m2/repository/org/springframework/boot/spring-boot/3.3.0-SNAPSHOT/spring-boot-3.3.0-SNAPSHOT.jar:/home/freemanpivo/.m2/repository/org/springframework/boot/spring-boot-autoconfigure/3.3.0-SNAPSHOT/spring-boot-autoconfigure-3.3.0-SNAPSHOT.jar:/home/freemanpivo/.m2/repository/org/springframework/boot/spring-boot-starter-logging/3.3.0-SNAPSHOT/spring-boot-starter-logging-3.3.0-SNAPSHOT.jar:/home/freemanpivo/.m2/repository/ch/qos/logback/logback-classic/1.5.6/logback-classic-1.5.6.jar:/home/freemanpivo/.m2/repository/ch/qos/logback/logback-core/1.5.6/logback-core-1.5.6.jar:/home/freemanpivo/.m2/repository/org/apache/logging/log4j/log4j-to-slf4j/2.23.1/log4j-to-slf4j-2.23.1.jar:/home/freemanpivo/.m2/repository/org/apache/logging/log4j/log4j-api/2.23.1/log4j-api-2.23.1.jar:/home/freemanpivo/.m2/repository/org/slf4j/jul-to-slf4j/2.0.13/jul-to-slf4j-2.0.13.jar:/home/freemanpivo/.m2/repository/jakarta/annotation/jakarta.annotation-api/2.1.1/jakarta.annotation-api-2.1.1.jar:/home/freemanpivo/.m2/repository/org/yaml/snakeyaml/2.2/snakeyaml-2.2.jar:/home/freemanpivo/.m2/repository/org/springframework/boot/spring-boot-actuator-autoconfigure/3.3.0-SNAPSHOT/spring-boot-actuator-autoconfigure-3.3.0-SNAPSHOT.jar:/home/freemanpivo/.m2/repository/org/springframework/boot/spring-boot-actuator/3.3.0-SNAPSHOT/spring-boot-actuator-3.3.0-SNAPSHOT.jar:/home/freemanpivo/.m2/repository/com/fasterxml/jackson/core/jackson-databind/2.17.0/jackson-databind-2.17.0.jar:/home/freemanpivo/.m2/repository/com/fasterxml/jackson/core/jackson-annotations/2.17.0/jackson-annotations-2.17.0.jar:/home/freemanpivo/.m2/repository/com/fasterxml/jackson/core/jackson-core/2.17.0/jackson-core-2.17.0.jar:/home/freemanpivo/.m2/repository/com/fasterxml/jackson/datatype/jackson-datatype-jsr310/2.17.0/jackson-datatype-jsr310-2.17.0.jar:/home/freemanpivo/.m2/repository/io/micrometer/micrometer-observation/1.13.0-RC1/micrometer-observation-1.13.0-RC1.jar:/home/freemanpivo/.m2/repository/io/micrometer/micrometer-commons/1.13.0-RC1/micrometer-commons-1.13.0-RC1.jar:/home/freemanpivo/.m2/repository/io/micrometer/micrometer-jakarta9/1.13.0-RC1/micrometer-jakarta9-1.13.0-RC1.jar:/home/freemanpivo/.m2/repository/org/springframework/boot/spring-boot-starter-web/3.3.0-SNAPSHOT/spring-boot-starter-web-3.3.0-SNAPSHOT.jar:/home/freemanpivo/.m2/repository/org/springframework/boot/spring-boot-starter-json/3.3.0-SNAPSHOT/spring-boot-starter-json-3.3.0-SNAPSHOT.jar:/home/freemanpivo/.m2/repository/com/fasterxml/jackson/datatype/jackson-datatype-jdk8/2.17.0/jackson-datatype-jdk8-2.17.0.jar:/home/freemanpivo/.m2/repository/com/fasterxml/jackson/module/jackson-module-parameter-names/2.17.0/jackson-module-parameter-names-2.17.0.jar:/home/freemanpivo/.m2/repository/org/springframework/boot/spring-boot-starter-tomcat/3.3.0-SNAPSHOT/spring-boot-starter-tomcat-3.3.0-SNAPSHOT.jar:/home/freemanpivo/.m2/repository/org/apache/tomcat/embed/tomcat-embed-core/10.1.20/tomcat-embed-core-10.1.20.jar:/home/freemanpivo/.m2/repository/org/apache/tomcat/embed/tomcat-embed-el/10.1.20/tomcat-embed-el-10.1.20.jar:/home/freemanpivo/.m2/repository/org/apache/tomcat/embed/tomcat-embed-websocket/10.1.20/tomcat-embed-websocket-10.1.20.jar:/home/freemanpivo/.m2/repository/org/springframework/spring-web/6.1.6/spring-web-6.1.6.jar:/home/freemanpivo/.m2/repository/org/springframework/spring-beans/6.1.6/spring-beans-6.1.6.jar:/home/freemanpivo/.m2/repository/org/springframework/spring-webmvc/6.1.6/spring-webmvc-6.1.6.jar:/home/freemanpivo/.m2/repository/org/springframework/spring-aop/6.1.6/spring-aop-6.1.6.jar:/home/freemanpivo/.m2/repository/org/springframework/spring-context/6.1.6/spring-context-6.1.6.jar:/home/freemanpivo/.m2/repository/org/springframework/spring-expression/6.1.6/spring-expression-6.1.6.jar:/home/freemanpivo/.m2/repository/io/micrometer/micrometer-registry-prometheus-simpleclient/1.13.0-RC1/micrometer-registry-prometheus-simpleclient-1.13.0-RC1.jar:/home/freemanpivo/.m2/repository/io/micrometer/micrometer-core/1.13.0-RC1/micrometer-core-1.13.0-RC1.jar:/home/freemanpivo/.m2/repository/org/hdrhistogram/HdrHistogram/2.1.12/HdrHistogram-2.1.12.jar:/home/freemanpivo/.m2/repository/org/latencyutils/LatencyUtils/2.0.3/LatencyUtils-2.0.3.jar:/home/freemanpivo/.m2/repository/io/prometheus/simpleclient_common/0.16.0/simpleclient_common-0.16.0.jar:/home/freemanpivo/.m2/repository/io/prometheus/simpleclient/0.16.0/simpleclient-0.16.0.jar:/home/freemanpivo/.m2/repository/io/prometheus/simpleclient_tracer_otel/0.16.0/simpleclient_tracer_otel-0.16.0.jar:/home/freemanpivo/.m2/repository/io/prometheus/simpleclient_tracer_common/0.16.0/simpleclient_tracer_common-0.16.0.jar:/home/freemanpivo/.m2/repository/io/prometheus/simpleclient_tracer_otel_agent/0.16.0/simpleclient_tracer_otel_agent-0.16.0.jar:/home/freemanpivo/.m2/repository/org/springframework/boot/spring-boot-starter-test/3.3.0-SNAPSHOT/spring-boot-starter-test-3.3.0-SNAPSHOT.jar:/home/freemanpivo/.m2/repository/org/springframework/boot/spring-boot-test/3.3.0-SNAPSHOT/spring-boot-test-3.3.0-SNAPSHOT.jar:/home/freemanpivo/.m2/repository/org/springframework/boot/spring-boot-test-autoconfigure/3.3.0-SNAPSHOT/spring-boot-test-autoconfigure-3.3.0-SNAPSHOT.jar:/home/freemanpivo/.m2/repository/com/jayway/jsonpath/json-path/2.9.0/json-path-2.9.0.jar:/home/freemanpivo/.m2/repository/org/slf4j/slf4j-api/2.0.13/slf4j-api-2.0.13.jar:/home/freemanpivo/.m2/repository/jakarta/xml/bind/jakarta.xml.bind-api/4.0.2/jakarta.xml.bind-api-4.0.2.jar:/home/freemanpivo/.m2/repository/jakarta/activation/jakarta.activation-api/2.1.3/jakarta.activation-api-2.1.3.jar:/home/freemanpivo/.m2/repository/net/minidev/json-smart/2.5.1/json-smart-2.5.1.jar:/home/freemanpivo/.m2/repository/net/minidev/accessors-smart/2.5.1/accessors-smart-2.5.1.jar:/home/freemanpivo/.m2/repository/org/ow2/asm/asm/9.6/asm-9.6.jar:/home/freemanpivo/.m2/repository/org/assertj/assertj-core/3.25.3/assertj-core-3.25.3.jar:/home/freemanpivo/.m2/repository/net/bytebuddy/byte-buddy/1.14.13/byte-buddy-1.14.13.jar:/home/freemanpivo/.m2/repository/org/awaitility/awaitility/4.2.1/awaitility-4.2.1.jar:/home/freemanpivo/.m2/repository/org/hamcrest/hamcrest/2.2/hamcrest-2.2.jar:/home/freemanpivo/.m2/repository/org/junit/jupiter/junit-jupiter/5.10.2/junit-jupiter-5.10.2.jar:/home/freemanpivo/.m2/repository/org/junit/jupiter/junit-jupiter-api/5.10.2/junit-jupiter-api-5.10.2.jar:/home/freemanpivo/.m2/repository/org/opentest4j/opentest4j/1.3.0/opentest4j-1.3.0.jar:/home/freemanpivo/.m2/repository/org/junit/platform/junit-platform-commons/1.10.2/junit-platform-commons-1.10.2.jar:/home/freemanpivo/.m2/repository/org/apiguardian/apiguardian-api/1.1.2/apiguardian-api-1.1.2.jar:/home/freemanpivo/.m2/repository/org/junit/jupiter/junit-jupiter-params/5.10.2/junit-jupiter-params-5.10.2.jar:/home/freemanpivo/.m2/repository/org/junit/jupiter/junit-jupiter-engine/5.10.2/junit-jupiter-engine-5.10.2.jar:/home/freemanpivo/.m2/repository/org/junit/platform/junit-platform-engine/1.10.2/junit-platform-engine-1.10.2.jar:/home/freemanpivo/.m2/repository/org/mockito/mockito-core/5.11.0/mockito-core-5.11.0.jar:/home/freemanpivo/.m2/repository/net/bytebuddy/byte-buddy-agent/1.14.13/byte-buddy-agent-1.14.13.jar:/home/freemanpivo/.m2/repository/org/objenesis/objenesis/3.3/objenesis-3.3.jar:/home/freemanpivo/.m2/repository/org/mockito/mockito-junit-jupiter/5.11.0/mockito-junit-jupiter-5.11.0.jar:/home/freemanpivo/.m2/repository/org/skyscreamer/jsonassert/1.5.1/jsonassert-1.5.1.jar:/home/freemanpivo/.m2/repository/com/vaadin/external/google/android-json/0.0.20131108.vaadin1/android-json-0.0.20131108.vaadin1.jar:/home/freemanpivo/.m2/repository/org/springframework/spring-core/6.1.6/spring-core-6.1.6.jar:/home/freemanpivo/.m2/repository/org/springframework/spring-jcl/6.1.6/spring-jcl-6.1.6.jar:/home/freemanpivo/.m2/repository/org/springframework/spring-test/6.1.6/spring-test-6.1.6.jar:/home/freemanpivo/.m2/repository/org/xmlunit/xmlunit-core/2.9.1/xmlunit-core-2.9.1.jar:"/>
    <property name="sun.cpu.endian" value="little"/>
    <property name="user.home" value="/home/freemanpivo"/>
    <property name="user.language" value="en"/>
    <property name="java.specification.vendor" value="Oracle Corporation"/>
    <property name="java.version.date" value="2023-07-18"/>
    <property name="java.home" value="/usr/lib/jvm/java-17-openjdk"/>
    <property name="file.separator" value="/"/>
    <property name="basedir" value="/home/freemanpivo/git/insurancechallenge/app"/>
    <property name="java.vm.compressedOopsMode" value="Zero based"/>
    <property name="line.separator" value="&#10;"/>
    <property name="java.specification.name" value="Java Platform API Specification"/>
    <property name="java.vm.specification.vendor" value="Oracle Corporation"/>
    <property name="FILE_LOG_CHARSET" value="UTF-8"/>
    <property name="java.awt.headless" value="true"/>
    <property name="surefire.real.class.path" value="/home/freemanpivo/git/insurancechallenge/app/target/surefire/surefirebooter-20240427180935868_3.jar"/>
    <property name="sun.management.compiler" value="HotSpot 64-Bit Tiered Compilers"/>
    <property name="java.runtime.version" value="17.0.8+7"/>
    <property name="user.name" value="freemanpivo"/>
    <property name="path.separator" value=":"/>
    <property name="os.version" value="6.1.44-1-MANJARO"/>
    <property name="java.runtime.name" value="OpenJDK Runtime Environment"/>
    <property name="file.encoding" value="UTF-8"/>
    <property name="java.vm.name" value="OpenJDK 64-Bit Server VM"/>
    <property name="localRepository" value="/home/freemanpivo/.m2/repository"/>
    <property name="java.vendor.url.bug" value="https://bugreport.java.com/bugreport/"/>
    <property name="java.io.tmpdir" value="/tmp"/>
    <property name="idea.version" value="2023.1.4"/>
    <property name="java.version" value="17.0.8"/>
    <property name="user.dir" value="/home/freemanpivo/git/insurancechallenge/app"/>
    <property name="os.arch" value="amd64"/>
    <property name="java.vm.specification.name" value="Java Virtual Machine Specification"/>
    <property name="PID" value="8958"/>
    <property name="CONSOLE_LOG_CHARSET" value="UTF-8"/>
    <property name="native.encoding" value="UTF-8"/>
    <property name="java.library.path" value="/usr/java/packages/lib:/usr/lib64:/lib64:/lib:/usr/lib"/>
    <property name="java.vm.info" value="mixed mode"/>
    <property name="java.vendor" value="N/A"/>
    <property name="java.vm.version" value="17.0.8+7"/>
    <property name="sun.io.unicode.encoding" value="UnicodeLittle"/>
    <property name="java.class.version" value="61.0"/>
    <property name="LOGGED_APPLICATION_NAME" value="[insurancechallenge-service] "/>
  </properties>
  <testcase name="contextLoads" classname="com.freemanpivo.insurancechallenge.InsurancechallengeApplicationTests" time="0.46">
    <system-out><![CDATA[18:09:36.256 [main] INFO org.springframework.test.context.support.AnnotationConfigContextLoaderUtils -- Could not detect default configuration classes for test class [com.freemanpivo.insurancechallenge.InsurancechallengeApplicationTests]: InsurancechallengeApplicationTests does not declare any static, non-private, non-final, nested classes annotated with @Configuration.
18:09:36.303 [main] INFO org.springframework.boot.test.context.SpringBootTestContextBootstrapper -- Found @SpringBootConfiguration com.freemanpivo.insurancechallenge.InsurancechallengeApplication for test class com.freemanpivo.insurancechallenge.InsurancechallengeApplicationTests
&amp#27;[30m2024-04-27 18:09:36,574&amp#27;[0;39m[&amp#27;[36mproduct-service&amp#27;[0;39m]&amp#27;[34mINFO &amp#27;[0;39m[&amp#27;[35mrequestId=&amp#27;[0;39m]&amp#27;[33mStartupInfoLogger&amp#27;[0;39m: Starting InsurancechallengeApplicationTests using Java 17.0.8 with PID 8958 (started by freemanpivo in /home/freemanpivo/git/insurancechallenge/app)
&amp#27;[30m2024-04-27 18:09:36,580&amp#27;[0;39m[&amp#27;[36mproduct-service&amp#27;[0;39m]&amp#27;[34mINFO &amp#27;[0;39m[&amp#27;[35mrequestId=&amp#27;[0;39m]&amp#27;[33mSpringApplication&amp#27;[0;39m: No active profile set, falling back to 1 default profile: "default"
&amp#27;[30m2024-04-27 18:09:37,407&amp#27;[0;39m[&amp#27;[36mproduct-service&amp#27;[0;39m]&amp#27;[34mINFO &amp#27;[0;39m[&amp#27;[35mrequestId=&amp#27;[0;39m]&amp#27;[33mEndpointLinksResolver&amp#27;[0;39m: Exposing 1 endpoint beneath base path '/actuator'
&amp#27;[30m2024-04-27 18:09:37,443&amp#27;[0;39m[&amp#27;[36mproduct-service&amp#27;[0;39m]&amp#27;[34mINFO &amp#27;[0;39m[&amp#27;[35mrequestId=&amp#27;[0;39m]&amp#27;[33mStartupInfoLogger&amp#27;[0;39m: Started InsurancechallengeApplicationTests in 1.079 seconds (process running for 1.546)
]]></system-out>
  </testcase>
</testsuite>